<?xml version="1.0" encoding="UTF-8"?>
<coverage generated="1741424219367" clover="3.2.0">
  <project timestamp="1741424219367" name="All files">
    <metrics statements="6" coveredstatements="4" conditionals="4" coveredconditionals="0" methods="6" coveredmethods="3" elements="16" coveredelements="7" complexity="0" loc="6" ncloc="6" packages="1" files="1" classes="1"/>
    <file name="script.js" path="/Users/yakushnikita/Documents/Git/otus--JavaScript-basic-Yakush/src/HomeworksForBegginer/HW1-DataType/script.js">
      <metrics statements="6" coveredstatements="4" conditionals="4" coveredconditionals="0" methods="6" coveredmethods="3"/>
      <line num="2" count="6" type="stmt"/>
      <line num="5" count="6" type="stmt"/>
      <line num="8" count="3" type="stmt"/>
      <line num="12" count="0" type="stmt"/>
      <line num="16" count="0" type="cond" truecount="0" falsecount="4"/>
      <line num="19" count="1" type="stmt"/>
    </file>
  </project>
</coverage>
