{"/Users/yakushnikita/Documents/Git/otus--JavaScript-basic-Yakush/src/HomeworksForBegginer/HW1-DataType/script.js": {"path":"/Users/yakushnikita/Documents/Git/otus--JavaScript-basic-Yakush/src/HomeworksForBegginer/HW1-DataType/script.js","statementMap":{"0":{"start":{"line":2,"column":1},"end":{"line":2,"column":14}},"1":{"start":{"line":5,"column":1},"end":{"line":5,"column":14}},"2":{"start":{"line":8,"column":1},"end":{"line":8,"column":97}},"3":{"start":{"line":12,"column":1},"end":{"line":12,"column":46}},"4":{"start":{"line":16,"column":1},"end":{"line":16,"column":145}},"5":{"start":{"line":16,"column":124},"end":{"line":16,"column":140}},"6":{"start":{"line":19,"column":0},"end":{"line":25,"column":2}}},"fnMap":{"0":{"name":"GetSum","decl":{"start":{"line":1,"column":9},"end":{"line":1,"column":15}},"loc":{"start":{"line":1,"column":21},"end":{"line":3,"column":1}},"line":1},"1":{"name":"GetMultiplication","decl":{"start":{"line":4,"column":9},"end":{"line":4,"column":26}},"loc":{"start":{"line":4,"column":32},"end":{"line":6,"column":1}},"line":4},"2":{"name":"GetSumAndMultiplication","decl":{"start":{"line":7,"column":9},"end":{"line":7,"column":32}},"loc":{"start":{"line":7,"column":38},"end":{"line":9,"column":1}},"line":7},"3":{"name":"GetSymbolsCount","decl":{"start":{"line":11,"column":9},"end":{"line":11,"column":24}},"loc":{"start":{"line":11,"column":38},"end":{"line":13,"column":1}},"line":11},"4":{"name":"SomeThreeNumber","decl":{"start":{"line":15,"column":9},"end":{"line":15,"column":24}},"loc":{"start":{"line":15,"column":32},"end":{"line":17,"column":1}},"line":15},"5":{"name":"(anonymous_5)","decl":{"start":{"line":16,"column":111},"end":{"line":16,"column":112}},"loc":{"start":{"line":16,"column":124},"end":{"line":16,"column":140}},"line":16}},"branchMap":{"0":{"loc":{"start":{"line":16,"column":9},"end":{"line":16,"column":144}},"type":"cond-expr","locations":[{"start":{"line":16,"column":75},"end":{"line":16,"column":84}},{"start":{"line":16,"column":87},"end":{"line":16,"column":144}}],"line":16},"1":{"loc":{"start":{"line":16,"column":9},"end":{"line":16,"column":72}},"type":"binary-expr","locations":[{"start":{"line":16,"column":9},"end":{"line":16,"column":39}},{"start":{"line":16,"column":43},"end":{"line":16,"column":72}}],"line":16}},"s":{"0":6,"1":6,"2":3,"3":0,"4":0,"5":0,"6":1},"f":{"0":6,"1":6,"2":3,"3":0,"4":0,"5":0},"b":{"0":[0,0],"1":[0,0]},"_coverageSchema":"1a1c01bbd47fc00a2c39e90264f33305004495a9","hash":"8b1c02ad070bf47844c00b3ca80648692410c299"}
}
